<?xml version="1.0" encoding="UTF-8"?><testsuite errors="0" failures="0" name="com.petstore.junit.petinfo.PetCRUDTest" skipped="0" tests="3" time="21.29" timestamp="2020-10-16 04:59:14"><testcase classname="com.petstore.junit.petinfo.PetCRUDTest" name="This test will create a new User"/><testcase classname="com.petstore.junit.petinfo.PetCRUDTest" name="Delete the user and verify if the user is deleted!"/><testcase classname="com.petstore.junit.petinfo.PetCRUDTest" name="This test will update a user"/></testsuite>